<?xml version="1.0" encoding="UTF-8"?>
<!-- Generated by org.testng.reporters.JUnitReportReporter -->
<testsuite hostname="LAPTOP-PUUR1V7V" failures="0" tests="1" name="harsha.End_to_End_Test_Practice" time="37.471" errors="0" timestamp="2024-04-15T16:04:28 IST" skipped="0">
  <testcase classname="harsha.End_to_End_Test_Practice" name="test1" time="37.471"/>
  <system-out/>
</testsuite> <!-- harsha.End_to_End_Test_Practice -->
